2025-02-03 15:19:45,356 - INFO - ==> Tracking logger initialisé.
2025-02-03 15:19:59,470 - INFO - ==> Tracking logger initialisé.
2025-02-03 15:20:08,345 - INFO - ==> Tracking logger initialisé.
2025-02-03 15:23:39,055 - INFO - Clic sur le lien pour nancy par : ylieschaouche@gmail.com
2025-02-03 15:23:51,662 - INFO - Clic sur le lien pour strasbourg par : meubleprive54@gmail.com
2025-02-03 15:24:30,402 - INFO - Clic sur le lien pour metz par : contact@meubleprive.fr
2025-02-03 15:24:44,031 - INFO - Clic sur le lien pour strasbourg par : zahirchaouche54@gmail.com
2025-02-06 10:19:04,520 - INFO - ==> Tracking logger initialisé.
2025-02-06 10:19:13,377 - INFO - ==> Tracking logger initialisé.
2025-02-06 10:34:28,729 - INFO - ==> Tracking logger initialisé.
2025-02-06 10:34:37,622 - INFO - ==> Tracking logger initialisé.
2025-02-06 10:36:57,462 - INFO - ==> Tracking logger initialisé.
2025-02-06 10:37:06,380 - INFO - ==> Tracking logger initialisé.
2025-02-06 10:39:59,471 - INFO - ==> Tracking logger initialisé.
2025-02-06 10:40:08,436 - INFO - ==> Tracking logger initialisé.
2025-02-06 10:42:11,119 - INFO - ==> Tracking logger initialisé.
2025-02-06 10:42:29,889 - INFO - ==> Tracking logger initialisé.
2025-02-06 10:42:45,079 - INFO - ==> Tracking logger initialisé.
2025-02-06 10:42:53,937 - INFO - ==> Tracking logger initialisé.
2025-02-06 10:45:32,212 - INFO - ==> Tracking logger initialisé.
2025-02-06 11:05:03,556 - INFO - ==> Tracking logger initialisé.
2025-02-06 11:05:12,422 - INFO - ==> Tracking logger initialisé.
2025-02-06 11:06:34,977 - INFO - ==> Tracking logger initialisé.
2025-02-06 11:10:57,444 - INFO - ==> Tracking logger initialisé.
2025-02-06 11:13:20,508 - INFO - ==> Tracking logger initialisé.
2025-02-06 11:13:29,404 - INFO - ==> Tracking logger initialisé.
2025-02-06 11:15:07,433 - INFO - ==> Tracking logger initialisé.
2025-02-06 11:23:24,676 - INFO - ==> Tracking logger initialisé.
2025-02-06 11:23:37,730 - INFO - ==> Tracking logger initialisé.
2025-02-06 11:23:46,634 - INFO - ==> Tracking logger initialisé.
2025-02-06 11:27:51,784 - INFO - ==> Tracking logger initialisé.
2025-02-06 11:28:07,487 - INFO - Clic sur le lien pour strasbourg par : ylieschaouche@gmail.com
2025-02-06 11:28:10,680 - INFO - Clic sur le lien pour metz par : ylieschaouche@gmail.com
2025-02-06 11:28:13,464 - INFO - Clic sur le lien pour nancy par : ylieschaouche@gmail.com
2025-02-06 11:38:08,845 - INFO - ==> Tracking logger initialisé.
2025-02-06 11:38:17,654 - INFO - ==> Tracking logger initialisé.
2025-02-27 17:38:33,040 - INFO - ==> Tracking logger initialisé.
2025-03-03 13:15:08,509 - INFO - ==> Tracking logger initialisé.
2025-03-03 13:15:17,393 - INFO - ==> Tracking logger initialisé.
2025-03-03 13:15:50,648 - INFO - Clic sur le lien pour nancy par : ylieschaouche@gmail.com
2025-03-03 13:15:55,293 - INFO - Clic sur le lien pour metz par : ylieschaouche@gmail.com
2025-03-03 13:16:02,402 - INFO - Clic sur le lien pour strasbourg par : ylieschaouche@gmail.com
2025-03-04 12:26:56,600 - INFO - ==> Tracking logger initialisé.
2025-03-04 12:27:05,693 - INFO - ==> Tracking logger initialisé.
2025-03-04 12:30:51,342 - INFO - Clic sur le lien pour nancy par : ylieschaouche@gmail.com
2025-03-04 12:30:56,562 - INFO - Clic sur le lien pour metz par : ylieschaouche@gmail.com
2025-03-04 12:30:58,789 - INFO - Clic sur le lien pour strasbourg par : ylieschaouche@gmail.com
2025-03-04 12:31:01,113 - INFO - Clic sur le lien pour nancy par : ylieschaouche@gmail.com
2025-03-04 12:31:07,117 - INFO - Clic sur le lien pour strasbourg par : ylieschaouche@gmail.com
2025-03-04 12:31:14,923 - INFO - Clic sur le lien pour nancy par : ylieschaouche@gmail.com
2025-03-04 12:31:52,159 - INFO - Clic sur le lien pour strasbourg par : ylieschaouche@gmail.com
2025-03-04 15:40:54,585 - INFO - ==> Tracking logger initialisé.
2025-03-04 15:41:03,489 - INFO - ==> Tracking logger initialisé.
